<?xml version="1.0" encoding="UTF-8"?>
<!-- Generated by org.testng.reporters.JUnitXMLReporter -->
<testsuite ignored="8" hostname="DESKTOP-FVNSSMO" failures="1" tests="1" name="Test" time="107.601" errors="0" timestamp="2024-10-05T19:54:35 IST">
  <testcase classname="QAlegendTestCases.TestCases" name="verifyAddBrands" time="19.971">
    <failure type="org.openqa.selenium.ElementNotInteractableException" message="element not interactable
  (Session info: MicrosoftEdge=129.0.2792.65)
Build info: version: &amp;apos;4.23.0&amp;apos;, revision: &amp;apos;4df0a231af&amp;apos;
System info: os.name: &amp;apos;Windows 10&amp;apos;, os.arch: &amp;apos;amd64&amp;apos;, os.version: &amp;apos;10.0&amp;apos;, java.version: &amp;apos;17.0.10&amp;apos;
Driver info: org.openqa.selenium.edge.EdgeDriver
Command: [cba10d3787731a1db4cea905be6bdf8a, sendKeysToElement {value=[Ljava.lang.CharSequence;@3ec2ecea, id=f.6DA378DB4F533EC81B6D4A7B3D3B33D7.d.0FC1FAF296659CAC98C1CF4EA355584E.e.99}]
Capabilities {acceptInsecureCerts: false, browserName: MicrosoftEdge, browserVersion: 129.0.2792.65, fedcm:accounts: true, ms:edgeOptions: {debuggerAddress: localhost:59634}, msedge: {msedgedriverVersion: 129.0.2792.65 (7eae50a1bc8e..., userDataDir: C:\Users\lenovo\AppData\Loc...}, networkConnectionEnabled: false, pageLoadStrategy: normal, platformName: windows, proxy: Proxy(), se:cdp: ws://localhost:59634/devtoo..., se:cdpVersion: 129.0.2792.65, setWindowRect: true, strictFileInteractability: false, timeouts: {implicit: 0, pageLoad: 300000, script: 30000}, unhandledPromptBehavior: dismiss and notify, webauthn:extension:credBlob: true, webauthn:extension:largeBlob: true, webauthn:extension:minPinLength: true, webauthn:extension:prf: true, webauthn:virtualAuthenticators: true}
Element: [[EdgeDriver: MicrosoftEdge on windows (cba10d3787731a1db4cea905be6bdf8a)] -&amp;gt; xpath: (//input[@class=&amp;apos;form-control input-sm&amp;apos;])[1]]
Session ID: cba10d3787731a1db4cea905be6bdf8a">
      <![CDATA[org.openqa.selenium.ElementNotInteractableException: element not interactable
  (Session info: MicrosoftEdge=129.0.2792.65)
Build info: version: '4.23.0', revision: '4df0a231af'
System info: os.name: 'Windows 10', os.arch: 'amd64', os.version: '10.0', java.version: '17.0.10'
Driver info: org.openqa.selenium.edge.EdgeDriver
Command: [cba10d3787731a1db4cea905be6bdf8a, sendKeysToElement {value=[Ljava.lang.CharSequence;@3ec2ecea, id=f.6DA378DB4F533EC81B6D4A7B3D3B33D7.d.0FC1FAF296659CAC98C1CF4EA355584E.e.99}]
Capabilities {acceptInsecureCerts: false, browserName: MicrosoftEdge, browserVersion: 129.0.2792.65, fedcm:accounts: true, ms:edgeOptions: {debuggerAddress: localhost:59634}, msedge: {msedgedriverVersion: 129.0.2792.65 (7eae50a1bc8e..., userDataDir: C:\Users\lenovo\AppData\Loc...}, networkConnectionEnabled: false, pageLoadStrategy: normal, platformName: windows, proxy: Proxy(), se:cdp: ws://localhost:59634/devtoo..., se:cdpVersion: 129.0.2792.65, setWindowRect: true, strictFileInteractability: false, timeouts: {implicit: 0, pageLoad: 300000, script: 30000}, unhandledPromptBehavior: dismiss and notify, webauthn:extension:credBlob: true, webauthn:extension:largeBlob: true, webauthn:extension:minPinLength: true, webauthn:extension:prf: true, webauthn:virtualAuthenticators: true}
Element: [[EdgeDriver: MicrosoftEdge on windows (cba10d3787731a1db4cea905be6bdf8a)] -> xpath: (//input[@class='form-control input-sm'])[1]]
Session ID: cba10d3787731a1db4cea905be6bdf8a
at org.openqa.selenium.remote.ErrorCodec.decode(ErrorCodec.java:167)
at org.openqa.selenium.remote.codec.w3c.W3CHttpResponseCodec.decode(W3CHttpResponseCodec.java:138)
at org.openqa.selenium.remote.codec.w3c.W3CHttpResponseCodec.decode(W3CHttpResponseCodec.java:50)
at org.openqa.selenium.remote.HttpCommandExecutor.execute(HttpCommandExecutor.java:190)
at org.openqa.selenium.remote.service.DriverCommandExecutor.invokeExecute(DriverCommandExecutor.java:216)
at org.openqa.selenium.remote.service.DriverCommandExecutor.execute(DriverCommandExecutor.java:174)
at org.openqa.selenium.remote.RemoteWebDriver.execute(RemoteWebDriver.java:527)
at org.openqa.selenium.remote.RemoteWebElement.execute(RemoteWebElement.java:223)
at org.openqa.selenium.remote.RemoteWebElement.sendKeys(RemoteWebElement.java:110)
at org.openqa.selenium.support.pagefactory.internal.LocatingElementHandler.invoke(LocatingElementHandler.java:51)
at jdk.proxy2/jdk.proxy2.$Proxy12.sendKeys(Unknown Source)
at Utilities.PageUtilities.enterText(PageUtilities.java:22)
at PageClasses.QAlegendBrandsPage.enterUsersearch(QAlegendBrandsPage.java:78)
at QAlegendTestCases.TestCases.verifyAddBrands(TestCases.java:226)
at java.base/java.util.ArrayList.forEach(ArrayList.java:1511)
... Removed 36 stack frames]]>
    </failure>
  </testcase> <!-- verifyAddBrands -->
  <testcase classname="QAlegendTestCases.TestCases" name="verifyAddSalesCommission" time="0.0">
    <ignored/>
  </testcase> <!-- verifyAddSalesCommission -->
  <testcase classname="QAlegendTestCases.TestCases" name="verifyAddCustomer" time="0.0">
    <ignored/>
  </testcase> <!-- verifyAddCustomer -->
  <testcase classname="QAlegendTestCases.TestCases" name="verifyAddCustomerGroup" time="0.0">
    <ignored/>
  </testcase> <!-- verifyAddCustomerGroup -->
  <testcase classname="QAlegendTestCases.TestCases" name="verifyAddRoles" time="0.0">
    <ignored/>
  </testcase> <!-- verifyAddRoles -->
  <testcase classname="QAlegendTestCases.TestCases" name="verifyAddUser" time="0.0">
    <ignored/>
  </testcase> <!-- verifyAddUser -->
  <testcase classname="QAlegendTestCases.TestCases" name="verifyAddCategories" time="0.0">
    <ignored/>
  </testcase> <!-- verifyAddCategories -->
  <testcase classname="QAlegendTestCases.TestCases" name="verifyAddUnits" time="0.0">
    <ignored/>
  </testcase> <!-- verifyAddUnits -->
  <testcase classname="QAlegendTestCases.TestCases" name="verifyAddSuppliers" time="0.0">
    <ignored/>
  </testcase> <!-- verifyAddSuppliers -->
</testsuite> <!-- Test -->
